<?xml version="1.0" encoding="UTF-8"?>
<testng-results ignored="0" total="1" passed="1" failed="0" skipped="0">
  <reporter-output>
  </reporter-output>
  <suite started-at="2024-03-03T16:51:39 IST" name="Default suite" finished-at="2024-03-03T16:51:52 IST" duration-ms="12801">
    <groups>
    </groups>
    <test started-at="2024-03-03T16:51:39 IST" name="Default test" finished-at="2024-03-03T16:51:52 IST" duration-ms="12801">
      <class name="basicTest.basicTest1">
        <test-method signature="Test1()[pri:0, instance:basicTest.basicTest1@41fbdac4]" started-at="2024-03-03T16:51:39 IST" name="Test1" finished-at="2024-03-03T16:51:52 IST" duration-ms="12748" status="PASS">
          <reporter-output>
          </reporter-output>
        </test-method> <!-- Test1 -->
      </class> <!-- basicTest.basicTest1 -->
    </test> <!-- Default test -->
  </suite> <!-- Default suite -->
</testng-results>
